<?xml version="1.0" encoding="UTF-8"?>
<!-- Generated by org.testng.reporters.JUnitReportReporter -->
<testsuite hostname="LAPTOP-I7J4S3QJ" failures="0" tests="1" name="ctc.MarksSearch" time="10.559" errors="0" timestamp="2022-04-26T19:23:36 IST" skipped="0">
  <testcase classname="ctc.MarksSearch" name="search" time="10.559"/>
  <system-out/>
</testsuite> <!-- ctc.MarksSearch -->
