<?xml version="1.0" encoding="UTF-8"?>
<!-- Generated by org.testng.reporters.JUnitReportReporter -->
<testsuite hostname="LAPTOP-I7J4S3QJ" failures="0" tests="1" name="jiraAPI.JiraTest" time="2.462" errors="0" timestamp="2022-03-30T17:15:52 IST" skipped="0">
  <testcase classname="jiraAPI.JiraTest" name="jiraPostComment" time="2.462"/>
  <system-out/>
</testsuite> <!-- jiraAPI.JiraTest -->
