<?xml version="1.0" encoding="UTF-8"?>
<!-- Generated by org.testng.reporters.JUnitReportReporter -->
<testsuite hostname="LAPTOP-I7J4S3QJ" failures="0" tests="1" name="readExternalJsonFile.ReadExternalJSONFile" time="1.867" errors="0" timestamp="2022-03-29T11:12:49 IST" skipped="0">
  <testcase classname="readExternalJsonFile.ReadExternalJSONFile" name="ExternalJSONFile" time="1.867"/>
  <system-out/>
</testsuite> <!-- readExternalJsonFile.ReadExternalJSONFile -->
