<?xml version="1.0" encoding="UTF-8"?>
<!-- Generated by org.testng.reporters.JUnitReportReporter -->
<testsuite hostname="LAPTOP-I7J4S3QJ" failures="0" tests="1" name="restAssuredTests.Post" time="2.230" errors="0" timestamp="2022-04-21T13:32:43 IST" skipped="0">
  <testcase classname="restAssuredTests.Post" name="postvalidation" time="2.230"/>
  <system-out/>
</testsuite> <!-- restAssuredTests.Post -->
