<?xml version="1.0" encoding="UTF-8"?>
<!-- Generated by org.testng.reporters.JUnitReportReporter -->
<testsuite hostname="LAPTOP-I7J4S3QJ" failures="0" tests="1" name="libraryAPIValidation.DynamicJson" time="2.238" errors="0" timestamp="2022-03-28T13:00:51 IST" skipped="0">
  <testcase classname="libraryAPIValidation.DynamicJson" name="addBook" time="2.238"/>
  <system-out/>
</testsuite> <!-- libraryAPIValidation.DynamicJson -->
