<?xml version="1.0" encoding="UTF-8"?>
<!-- Generated by org.testng.reporters.JUnitReportReporter -->
<testsuite hostname="LAPTOP-I7J4S3QJ" failures="0" tests="1" name="restAssuredTests.Post2" time="2.203" errors="0" timestamp="2022-03-24T12:53:23 IST" skipped="0">
  <testcase classname="restAssuredTests.Post2" name="postvalidationExplicitPayload" time="2.203"/>
  <system-out/>
</testsuite> <!-- restAssuredTests.Post2 -->
