<?xml version="1.0" encoding="UTF-8"?>
<!-- Generated by org.testng.reporters.JUnitReportReporter -->
<testsuite hostname="LAPTOP-I7J4S3QJ" failures="0" tests="1" name="oAuth2RestAssured.Oauth2_ClientCredentials" time="3.180" errors="0" timestamp="2022-04-24T15:28:23 IST" skipped="0">
  <testcase classname="oAuth2RestAssured.Oauth2_ClientCredentials" name="oauth_CoopApi_ClientCredentials" time="3.180"/>
  <system-out/>
</testsuite> <!-- oAuth2RestAssured.Oauth2_ClientCredentials -->
