<?xml version="1.0" encoding="UTF-8"?>
<!-- Generated by org.testng.reporters.JUnitReportReporter -->
<testsuite hostname="LAPTOP-I7J4S3QJ" failures="0" tests="1" name="oauth2.ImgurAPIOauth2" time="2.643" errors="0" timestamp="2022-04-21T18:01:39 IST" skipped="0">
  <testcase classname="oauth2.ImgurAPIOauth2" name="getMethod" time="2.643"/>
  <system-out/>
</testsuite> <!-- oauth2.ImgurAPIOauth2 -->
