<?xml version="1.0" encoding="UTF-8"?>
<!-- Generated by org.testng.reporters.JUnitReportReporter -->
<testsuite hostname="LAPTOP-I7J4S3QJ" failures="0" tests="1" name="oAuth2RestAssured.Oauth2_AuthorizationCode" time="18.933" errors="0" timestamp="2022-04-24T15:29:01 IST" skipped="0">
  <testcase classname="oAuth2RestAssured.Oauth2_AuthorizationCode" name="oAuth2_Coop_AuthorizationCode" time="18.933"/>
  <system-out/>
</testsuite> <!-- oAuth2RestAssured.Oauth2_AuthorizationCode -->
