<?xml version="1.0" encoding="UTF-8"?>
<!-- Generated by org.testng.reporters.JUnitReportReporter -->
<testsuite hostname="LAPTOP-I7J4S3QJ" failures="0" tests="1" name="restAssuredTests.ValidateUpdatedPlaceName" time="7.555" errors="0" timestamp="2022-03-24T14:46:48 IST" skipped="0">
  <testcase classname="restAssuredTests.ValidateUpdatedPlaceName" name="postvalidationExplicitPayload" time="7.555"/>
  <system-out/>
</testsuite> <!-- restAssuredTests.ValidateUpdatedPlaceName -->
