<?xml version="1.0" encoding="UTF-8"?>
<!-- Generated by org.testng.reporters.JUnitReportReporter -->
<testsuite hostname="LAPTOP-I7J4S3QJ" failures="0" tests="1" name="complexJsonParsing.ComplexJSONValidation" time="1.287" errors="0" timestamp="2022-03-25T18:06:52 IST" skipped="0">
  <testcase classname="complexJsonParsing.ComplexJSONValidation" name="jsonValidation" time="1.287"/>
  <system-out/>
</testsuite> <!-- complexJsonParsing.ComplexJSONValidation -->
